  bullet.cpp
C:\2DGP\-KPU-ComputerGraphics-2021\ComputerGraphicsFinal\ComputerGraphicsFinal\bullet.h(27,1): warning C4305: '=': 'double'에서 'float'(으)로 잘립니다.
  gun.cpp
  main.cpp
C:\2DGP\-KPU-ComputerGraphics-2021\ComputerGraphicsFinal\ComputerGraphicsFinal\obj.h(106,29): warning C4244: '=': 'double'에서 'float'(으)로 변환하면서 데이터가 손실될 수 있습니다.
C:\2DGP\-KPU-ComputerGraphics-2021\ComputerGraphicsFinal\ComputerGraphicsFinal\obj.h(107,29): warning C4244: '=': 'double'에서 'float'(으)로 변환하면서 데이터가 손실될 수 있습니다.
C:\2DGP\-KPU-ComputerGraphics-2021\ComputerGraphicsFinal\ComputerGraphicsFinal\obj.h(108,29): warning C4244: '=': 'double'에서 'float'(으)로 변환하면서 데이터가 손실될 수 있습니다.
C:\2DGP\-KPU-ComputerGraphics-2021\ComputerGraphicsFinal\ComputerGraphicsFinal\player.h(18,1): warning C4305: '=': 'double'에서 'float'(으)로 잘립니다.
C:\2DGP\-KPU-ComputerGraphics-2021\ComputerGraphicsFinal\ComputerGraphicsFinal\bullet.h(27,1): warning C4305: '=': 'double'에서 'float'(으)로 잘립니다.
C:\2DGP\-KPU-ComputerGraphics-2021\ComputerGraphicsFinal\ComputerGraphicsFinal\main.cpp(71,20): warning C4018: '<': signed 또는 unsigned가 일치하지 않습니다.
C:\2DGP\-KPU-ComputerGraphics-2021\ComputerGraphicsFinal\ComputerGraphicsFinal\main.cpp(90,20): warning C4018: '<': signed 또는 unsigned가 일치하지 않습니다.
C:\2DGP\-KPU-ComputerGraphics-2021\ComputerGraphicsFinal\ComputerGraphicsFinal\main.cpp(296,1): warning C4326: 'main'의 반환 형식이 'int'이어야 하는데 'void'입니다.
  character.cpp
  player.cpp
C:\2DGP\-KPU-ComputerGraphics-2021\ComputerGraphicsFinal\ComputerGraphicsFinal\player.h(18,1): warning C4305: '=': 'double'에서 'float'(으)로 잘립니다.
  timer_.cpp
C:\2DGP\-KPU-ComputerGraphics-2021\ComputerGraphicsFinal\ComputerGraphicsFinal\timer_.cpp(16,95): warning C4244: '=': 'double'에서 'float'(으)로 변환하면서 데이터가 손실될 수 있습니다.
C:\2DGP\-KPU-ComputerGraphics-2021\ComputerGraphicsFinal\ComputerGraphicsFinal\timer_.cpp(18,29): warning C4244: '=': 'double'에서 'float'(으)로 변환하면서 데이터가 손실될 수 있습니다.
  코드를 생성하고 있습니다...
  ComputerGraphicsFinal.vcxproj -> C:\2DGP\-KPU-ComputerGraphics-2021\ComputerGraphicsFinal\Debug\ComputerGraphicsFinal.exe
