  bullet.cpp
C:\Users\백 아울\ComputerGraphicsFinal\ComputerGraphicsFinal\bullet.h(29,1): warning C4305: '=': 'double'에서 'float'(으)로 잘립니다.
  gun.cpp
C:\Users\백 아울\ComputerGraphicsFinal\ComputerGraphicsFinal\gun.cpp(24,29): warning C4244: '-=': 'double'에서 'float'(으)로 변환하면서 데이터가 손실될 수 있습니다.
  main.cpp
C:\Users\백 아울\ComputerGraphicsFinal\ComputerGraphicsFinal\obj.h(106,29): warning C4244: '=': 'double'에서 'float'(으)로 변환하면서 데이터가 손실될 수 있습니다.
C:\Users\백 아울\ComputerGraphicsFinal\ComputerGraphicsFinal\obj.h(107,29): warning C4244: '=': 'double'에서 'float'(으)로 변환하면서 데이터가 손실될 수 있습니다.
C:\Users\백 아울\ComputerGraphicsFinal\ComputerGraphicsFinal\obj.h(108,29): warning C4244: '=': 'double'에서 'float'(으)로 변환하면서 데이터가 손실될 수 있습니다.
C:\Users\백 아울\ComputerGraphicsFinal\ComputerGraphicsFinal\bullet.h(29,1): warning C4305: '=': 'double'에서 'float'(으)로 잘립니다.
C:\Users\백 아울\ComputerGraphicsFinal\ComputerGraphicsFinal\player.h(18,1): warning C4305: '=': 'double'에서 'float'(으)로 잘립니다.
C:\Users\백 아울\ComputerGraphicsFinal\ComputerGraphicsFinal\enemy.h(13,1): warning C4305: '=': 'double'에서 'float'(으)로 잘립니다.
C:\Users\백 아울\ComputerGraphicsFinal\ComputerGraphicsFinal\bullets.h(6,20): warning C4018: '<': signed 또는 unsigned가 일치하지 않습니다.
C:\Users\백 아울\ComputerGraphicsFinal\ComputerGraphicsFinal\bullets.h(25,20): warning C4018: '<': signed 또는 unsigned가 일치하지 않습니다.
C:\Users\백 아울\ComputerGraphicsFinal\ComputerGraphicsFinal\enemies.h(6,20): warning C4018: '<': signed 또는 unsigned가 일치하지 않습니다.
C:\Users\백 아울\ComputerGraphicsFinal\ComputerGraphicsFinal\enemies.h(12,20): warning C4018: '<': signed 또는 unsigned가 일치하지 않습니다.
C:\Users\백 아울\ComputerGraphicsFinal\ComputerGraphicsFinal\particle.h(20,59): warning C4244: '=': 'double'에서 'float'(으)로 변환하면서 데이터가 손실될 수 있습니다.
C:\Users\백 아울\ComputerGraphicsFinal\ComputerGraphicsFinal\particle.h(21,52): warning C4244: '=': 'double'에서 'float'(으)로 변환하면서 데이터가 손실될 수 있습니다.
C:\Users\백 아울\ComputerGraphicsFinal\ComputerGraphicsFinal\particle.h(25,1): warning C4305: '=': 'double'에서 'float'(으)로 잘립니다.
C:\Users\백 아울\ComputerGraphicsFinal\ComputerGraphicsFinal\particle.h(73,21): warning C4018: '<': signed 또는 unsigned가 일치하지 않습니다.
C:\Users\백 아울\ComputerGraphicsFinal\ComputerGraphicsFinal\particle.h(81,21): warning C4018: '<': signed 또는 unsigned가 일치하지 않습니다.
C:\Users\백 아울\ComputerGraphicsFinal\ComputerGraphicsFinal\particle.h(82,20): warning C4244: '인수': 'float'에서 'int'(으)로 변환하면서 데이터가 손실될 수 있습니다.
C:\Users\백 아울\ComputerGraphicsFinal\ComputerGraphicsFinal\particle.h(82,17): warning C4244: '인수': 'float'에서 'int'(으)로 변환하면서 데이터가 손실될 수 있습니다.
C:\Users\백 아울\ComputerGraphicsFinal\ComputerGraphicsFinal\particle.h(82,14): warning C4244: '인수': 'float'에서 'int'(으)로 변환하면서 데이터가 손실될 수 있습니다.
C:\Users\백 아울\ComputerGraphicsFinal\ComputerGraphicsFinal\main.cpp(51,23): warning C4305: '초기화 중': 'double'에서 'float'(으)로 잘립니다.
C:\Users\백 아울\ComputerGraphicsFinal\ComputerGraphicsFinal\main.cpp(138,1): warning C4305: '초기화 중': 'double'에서 'GLfloat'(으)로 잘립니다.
C:\Users\백 아울\ComputerGraphicsFinal\ComputerGraphicsFinal\main.cpp(185,20): warning C4018: '<': signed 또는 unsigned가 일치하지 않습니다.
C:\Users\백 아울\ComputerGraphicsFinal\ComputerGraphicsFinal\main.cpp(413,1): warning C4326: 'main'의 반환 형식이 'int'이어야 하는데 'void'입니다.
C:\Users\백 아울\ComputerGraphicsFinal\ComputerGraphicsFinal\main.cpp(519,26): warning C4305: '인수': 'double'에서 'GLfloat'(으)로 잘립니다.
C:\Users\백 아울\ComputerGraphicsFinal\ComputerGraphicsFinal\main.cpp(595,42): warning C4305: '인수': 'double'에서 'GLfloat'(으)로 잘립니다.
  character.cpp
C:\Users\백 아울\ComputerGraphicsFinal\ComputerGraphicsFinal\bullet.h(29,1): warning C4305: '=': 'double'에서 'float'(으)로 잘립니다.
C:\Users\백 아울\ComputerGraphicsFinal\ComputerGraphicsFinal\character.cpp(43,20): warning C4018: '<': signed 또는 unsigned가 일치하지 않습니다.
  player.cpp
C:\Users\백 아울\ComputerGraphicsFinal\ComputerGraphicsFinal\bullet.h(29,1): warning C4305: '=': 'double'에서 'float'(으)로 잘립니다.
C:\Users\백 아울\ComputerGraphicsFinal\ComputerGraphicsFinal\player.h(18,1): warning C4305: '=': 'double'에서 'float'(으)로 잘립니다.
  timer_.cpp
C:\Users\백 아울\ComputerGraphicsFinal\ComputerGraphicsFinal\timer_.cpp(16,95): warning C4244: '=': 'double'에서 'float'(으)로 변환하면서 데이터가 손실될 수 있습니다.
C:\Users\백 아울\ComputerGraphicsFinal\ComputerGraphicsFinal\timer_.cpp(18,29): warning C4244: '=': 'double'에서 'float'(으)로 변환하면서 데이터가 손실될 수 있습니다.
  enemy.cpp
C:\Users\백 아울\ComputerGraphicsFinal\ComputerGraphicsFinal\bullet.h(29,1): warning C4305: '=': 'double'에서 'float'(으)로 잘립니다.
C:\Users\백 아울\ComputerGraphicsFinal\ComputerGraphicsFinal\enemy.h(13,1): warning C4305: '=': 'double'에서 'float'(으)로 잘립니다.
C:\Users\백 아울\ComputerGraphicsFinal\ComputerGraphicsFinal\enemy.cpp(29,28): warning C4244: '=': 'double'에서 'float'(으)로 변환하면서 데이터가 손실될 수 있습니다.
  코드를 생성하고 있습니다.
  581 of 593 functions (98.0%) were compiled, the rest were copied from previous compilation.
    8 functions were new in current compilation
    1 functions had inline decision re-evaluated but remain unchanged
  코드를 생성했습니다.
  ComputerGraphicsFinal.vcxproj -> C:\Users\백 아울\ComputerGraphicsFinal\Release\ComputerGraphicsFinal.exe
