c:\users\백 아울\computergraphicsfinal\computergraphicsfinal\computergraphicsfinal\release\vc142.pdb
c:\users\백 아울\computergraphicsfinal\computergraphicsfinal\computergraphicsfinal\release\main.obj
c:\users\백 아울\computergraphicsfinal\computergraphicsfinal\computergraphicsfinal\release\player.obj
c:\users\백 아울\computergraphicsfinal\computergraphicsfinal\computergraphicsfinal\release\enemy.obj
c:\users\백 아울\computergraphicsfinal\computergraphicsfinal\computergraphicsfinal\release\character.obj
c:\users\백 아울\computergraphicsfinal\computergraphicsfinal\computergraphicsfinal\release\gun.obj
c:\users\백 아울\computergraphicsfinal\computergraphicsfinal\computergraphicsfinal\release\timer_.obj
c:\users\백 아울\computergraphicsfinal\computergraphicsfinal\computergraphicsfinal\release\bullet.obj
c:\users\백 아울\desktop\computergraphicsfinal\computergraphicsfinal\release\vc142.pdb
c:\users\백 아울\desktop\computergraphicsfinal\computergraphicsfinal\release\enemy.obj
c:\users\백 아울\desktop\computergraphicsfinal\computergraphicsfinal\release\timer_.obj
c:\users\백 아울\desktop\computergraphicsfinal\computergraphicsfinal\release\player.obj
c:\users\백 아울\desktop\computergraphicsfinal\computergraphicsfinal\release\character.obj
c:\users\백 아울\desktop\computergraphicsfinal\computergraphicsfinal\release\main.obj
c:\users\백 아울\desktop\computergraphicsfinal\computergraphicsfinal\release\gun.obj
c:\users\백 아울\desktop\computergraphicsfinal\computergraphicsfinal\release\bullet.obj
c:\users\백 아울\computergraphicsfinal\computergraphicsfinal\release\computergraphicsfinal.ipdb
c:\users\백 아울\computergraphicsfinal\computergraphicsfinal\release\computergraphicsfinal.iobj
c:\users\백 아울\desktop\computergraphicsfinal\release\computergraphicsfinal.ipdb
c:\users\백 아울\desktop\computergraphicsfinal\release\computergraphicsfinal.iobj
c:\users\백 아울\computergraphicsfinal\computergraphicsfinal\release\computergraphicsfinal.exe
c:\users\백 아울\computergraphicsfinal\computergraphicsfinal\release\computergraphicsfinal.pdb
c:\users\백 아울\desktop\computergraphicsfinal\release\computergraphicsfinal.exe
c:\users\백 아울\desktop\computergraphicsfinal\release\computergraphicsfinal.pdb
c:\users\백 아울\desktop\computergraphicsfinal\computergraphicsfinal\release\computer.f609c481.tlog\cl.command.1.tlog
c:\users\백 아울\desktop\computergraphicsfinal\computergraphicsfinal\release\computer.f609c481.tlog\cl.read.1.tlog
c:\users\백 아울\desktop\computergraphicsfinal\computergraphicsfinal\release\computer.f609c481.tlog\cl.write.1.tlog
c:\users\백 아울\desktop\computergraphicsfinal\computergraphicsfinal\release\computer.f609c481.tlog\computergraphicsfinal.write.1u.tlog
c:\users\백 아울\desktop\computergraphicsfinal\computergraphicsfinal\release\computer.f609c481.tlog\link.command.1.tlog
c:\users\백 아울\desktop\computergraphicsfinal\computergraphicsfinal\release\computer.f609c481.tlog\link.delete.1.tlog
c:\users\백 아울\desktop\computergraphicsfinal\computergraphicsfinal\release\computer.f609c481.tlog\link.read.1.tlog
c:\users\백 아울\desktop\computergraphicsfinal\computergraphicsfinal\release\computer.f609c481.tlog\link.write.1.tlog
